<?xml version="1.0" encoding="utf-8"?><testsuites name="pytest tests"><testsuite name="pytest" errors="0" failures="0" skipped="0" tests="18" time="2.101" timestamp="2026-04-03T11:43:17.843174+00:00" hostname="agent-env-675a32c8-a33c-46dd-b624-829a303c27d3"><testcase classname="backend.tests.test_autonorth.TestAuth" name="test_login_success" time="0.476" /><testcase classname="backend.tests.test_autonorth.TestAuth" name="test_login_invalid" time="0.049" /><testcase classname="backend.tests.test_autonorth.TestAuth" name="test_me_authenticated" time="0.321" /><testcase classname="backend.tests.test_autonorth.TestVehicles" name="test_list_vehicles_public" time="0.049" /><testcase classname="backend.tests.test_autonorth.TestVehicles" name="test_list_vehicles_filter_condition" time="0.047" /><testcase classname="backend.tests.test_autonorth.TestVehicles" name="test_list_vehicles_filter_body_type" time="0.049" /><testcase classname="backend.tests.test_autonorth.TestVehicles" name="test_get_vehicle_by_id" time="0.110" /><testcase classname="backend.tests.test_autonorth.TestVehicles" name="test_get_vehicle_invalid_id" time="0.044" /><testcase classname="backend.tests.test_autonorth.TestVehicles" name="test_create_vehicle" time="0.046" /><testcase classname="backend.tests.test_autonorth.TestVehicles" name="test_update_vehicle" time="0.053" /><testcase classname="backend.tests.test_autonorth.TestVehicles" name="test_delete_vehicle" time="0.093" /><testcase classname="backend.tests.test_autonorth.TestLeads" name="test_create_lead" time="0.064" /><testcase classname="backend.tests.test_autonorth.TestLeads" name="test_list_leads_requires_auth" time="0.150" /><testcase classname="backend.tests.test_autonorth.TestLeads" name="test_list_leads_authenticated" time="0.047" /><testcase classname="backend.tests.test_autonorth.TestLeads" name="test_update_lead_status" time="0.048" /><testcase classname="backend.tests.test_autonorth.TestLeads" name="test_delete_lead" time="0.045" /><testcase classname="backend.tests.test_autonorth.TestStats" name="test_stats_requires_auth" time="0.137" /><testcase classname="backend.tests.test_autonorth.TestStats" name="test_stats_authenticated" time="0.054" /></testsuite></testsuites>